The system is: Darwin - 13.1.0 - i386
Compiling the C compiler identification source file "CMakeCCompilerId.c" succeeded.
Compiler: /usr/bin/cc 
Build flags: 
Id flags: 

The output was:
0


Compilation of the C compiler identification source "CMakeCCompilerId.c" produced "a.out"

The C compiler identification is Clang, found in "/Users/dekcom/Dropbox/repository/usb-data-storage/libgit2/build/CMakeFiles/2.8.12.2/CompilerIdC/a.out"

Determining if the C compiler works passed with the following output:
Change Dir: /Users/dekcom/Dropbox/repository/usb-data-storage/libgit2/build/CMakeFiles/CMakeTmp

Run Build Command:/usr/bin/make "cmTryCompileExec3094986487/fast"
/Library/Developer/CommandLineTools/usr/bin/make -f CMakeFiles/cmTryCompileExec3094986487.dir/build.make CMakeFiles/cmTryCompileExec3094986487.dir/build
"/Applications/CMake 2.8-12.app/Contents/bin/cmake" -E cmake_progress_report /Users/dekcom/Dropbox/repository/usb-data-storage/libgit2/build/CMakeFiles/CMakeTmp/CMakeFiles 1
Building C object CMakeFiles/cmTryCompileExec3094986487.dir/testCCompiler.c.o
/usr/bin/cc    -o CMakeFiles/cmTryCompileExec3094986487.dir/testCCompiler.c.o   -c /Users/dekcom/Dropbox/repository/usb-data-storage/libgit2/build/CMakeFiles/CMakeTmp/testCCompiler.c
Linking C executable cmTryCompileExec3094986487
"/Applications/CMake 2.8-12.app/Contents/bin/cmake" -E cmake_link_script CMakeFiles/cmTryCompileExec3094986487.dir/link.txt --verbose=1
/usr/bin/cc    -Wl,-search_paths_first -Wl,-headerpad_max_install_names   CMakeFiles/cmTryCompileExec3094986487.dir/testCCompiler.c.o  -o cmTryCompileExec3094986487  


Detecting C compiler ABI info compiled with the following output:
Change Dir: /Users/dekcom/Dropbox/repository/usb-data-storage/libgit2/build/CMakeFiles/CMakeTmp

Run Build Command:/usr/bin/make "cmTryCompileExec3557647266/fast"
/Library/Developer/CommandLineTools/usr/bin/make -f CMakeFiles/cmTryCompileExec3557647266.dir/build.make CMakeFiles/cmTryCompileExec3557647266.dir/build
"/Applications/CMake 2.8-12.app/Contents/bin/cmake" -E cmake_progress_report /Users/dekcom/Dropbox/repository/usb-data-storage/libgit2/build/CMakeFiles/CMakeTmp/CMakeFiles 1
Building C object CMakeFiles/cmTryCompileExec3557647266.dir/CMakeCCompilerABI.c.o
/usr/bin/cc   -arch i386 -arch x86_64   -o CMakeFiles/cmTryCompileExec3557647266.dir/CMakeCCompilerABI.c.o   -c "/Applications/CMake 2.8-12.app/Contents/share/cmake-2.8/Modules/CMakeCCompilerABI.c"
Linking C executable cmTryCompileExec3557647266
"/Applications/CMake 2.8-12.app/Contents/bin/cmake" -E cmake_link_script CMakeFiles/cmTryCompileExec3557647266.dir/link.txt --verbose=1
/usr/bin/cc    -arch i386 -arch x86_64 -Wl,-search_paths_first -Wl,-headerpad_max_install_names -v -Wl,-v CMakeFiles/cmTryCompileExec3557647266.dir/CMakeCCompilerABI.c.o  -o cmTryCompileExec3557647266   
Apple LLVM version 5.0 (clang-500.2.79) (based on LLVM 3.3svn)
Target: x86_64-apple-darwin13.1.0
Thread model: posix
 "/Library/Developer/CommandLineTools/usr/bin/ld" -demangle -dynamic -arch i386 -macosx_version_min 10.9.0 -o /var/folders/4d/nb0xg4490gsfbqlhf173p6b00000gn/T//jARM0m.out -search_paths_first -headerpad_max_install_names -v CMakeFiles/cmTryCompileExec3557647266.dir/CMakeCCompilerABI.c.o -arch_multiple -final_output cmTryCompileExec3557647266 -lSystem /Library/Developer/CommandLineTools/usr/bin/../lib/clang/5.0/lib/darwin/libclang_rt.eprintf.a /Library/Developer/CommandLineTools/usr/bin/../lib/clang/5.0/lib/darwin/libclang_rt.osx.a
@(#)PROGRAM:ld  PROJECT:ld64-224.1
configured to support archs: armv6 armv7 armv7s arm64 i386 x86_64 armv6m armv7m armv7em
Library search paths:
	/usr/lib
	/usr/local/lib
Framework search paths:
	/Library/Frameworks/
	/System/Library/Frameworks/
 "/Library/Developer/CommandLineTools/usr/bin/ld" -demangle -dynamic -arch x86_64 -macosx_version_min 10.9.0 -o /var/folders/4d/nb0xg4490gsfbqlhf173p6b00000gn/T//4qNZmE.out -search_paths_first -headerpad_max_install_names -v CMakeFiles/cmTryCompileExec3557647266.dir/CMakeCCompilerABI.c.o -arch_multiple -final_output cmTryCompileExec3557647266 -lSystem /Library/Developer/CommandLineTools/usr/bin/../lib/clang/5.0/lib/darwin/libclang_rt.osx.a
@(#)PROGRAM:ld  PROJECT:ld64-224.1
configured to support archs: armv6 armv7 armv7s arm64 i386 x86_64 armv6m armv7m armv7em
Library search paths:
	/usr/lib
	/usr/local/lib
Framework search paths:
	/Library/Frameworks/
	/System/Library/Frameworks/
 "/Library/Developer/CommandLineTools/usr/bin/lipo" -create -output cmTryCompileExec3557647266 /var/folders/4d/nb0xg4490gsfbqlhf173p6b00000gn/T//jARM0m.out /var/folders/4d/nb0xg4490gsfbqlhf173p6b00000gn/T//4qNZmE.out


Parsed C implicit link information from above output:
  link line regex: [^( *|.*[/\])(ld|([^/\]+-)?ld|collect2)[^/\]*( |$)]
  ignore line: [Change Dir: /Users/dekcom/Dropbox/repository/usb-data-storage/libgit2/build/CMakeFiles/CMakeTmp]
  ignore line: []
  ignore line: [Run Build Command:/usr/bin/make "cmTryCompileExec3557647266/fast"]
  ignore line: [/Library/Developer/CommandLineTools/usr/bin/make -f CMakeFiles/cmTryCompileExec3557647266.dir/build.make CMakeFiles/cmTryCompileExec3557647266.dir/build]
  ignore line: ["/Applications/CMake 2.8-12.app/Contents/bin/cmake" -E cmake_progress_report /Users/dekcom/Dropbox/repository/usb-data-storage/libgit2/build/CMakeFiles/CMakeTmp/CMakeFiles 1]
  ignore line: [Building C object CMakeFiles/cmTryCompileExec3557647266.dir/CMakeCCompilerABI.c.o]
  ignore line: [/usr/bin/cc   -arch i386 -arch x86_64   -o CMakeFiles/cmTryCompileExec3557647266.dir/CMakeCCompilerABI.c.o   -c "/Applications/CMake 2.8-12.app/Contents/share/cmake-2.8/Modules/CMakeCCompilerABI.c"]
  ignore line: [Linking C executable cmTryCompileExec3557647266]
  ignore line: ["/Applications/CMake 2.8-12.app/Contents/bin/cmake" -E cmake_link_script CMakeFiles/cmTryCompileExec3557647266.dir/link.txt --verbose=1]
  ignore line: [/usr/bin/cc    -arch i386 -arch x86_64 -Wl,-search_paths_first -Wl,-headerpad_max_install_names -v -Wl,-v CMakeFiles/cmTryCompileExec3557647266.dir/CMakeCCompilerABI.c.o  -o cmTryCompileExec3557647266   ]
  ignore line: [Apple LLVM version 5.0 (clang-500.2.79) (based on LLVM 3.3svn)]
  ignore line: [Target: x86_64-apple-darwin13.1.0]
  ignore line: [Thread model: posix]
  link line: [ "/Library/Developer/CommandLineTools/usr/bin/ld" -demangle -dynamic -arch i386 -macosx_version_min 10.9.0 -o /var/folders/4d/nb0xg4490gsfbqlhf173p6b00000gn/T//jARM0m.out -search_paths_first -headerpad_max_install_names -v CMakeFiles/cmTryCompileExec3557647266.dir/CMakeCCompilerABI.c.o -arch_multiple -final_output cmTryCompileExec3557647266 -lSystem /Library/Developer/CommandLineTools/usr/bin/../lib/clang/5.0/lib/darwin/libclang_rt.eprintf.a /Library/Developer/CommandLineTools/usr/bin/../lib/clang/5.0/lib/darwin/libclang_rt.osx.a]
    arg [/Library/Developer/CommandLineTools/usr/bin/ld] ==> ignore
    arg [-demangle] ==> ignore
    arg [-dynamic] ==> ignore
    arg [-arch] ==> ignore
    arg [i386] ==> ignore
    arg [-macosx_version_min] ==> ignore
    arg [10.9.0] ==> ignore
    arg [-o] ==> ignore
    arg [/var/folders/4d/nb0xg4490gsfbqlhf173p6b00000gn/T//jARM0m.out] ==> ignore
    arg [-search_paths_first] ==> ignore
    arg [-headerpad_max_install_names] ==> ignore
    arg [-v] ==> ignore
    arg [CMakeFiles/cmTryCompileExec3557647266.dir/CMakeCCompilerABI.c.o] ==> ignore
    arg [-arch_multiple] ==> ignore
    arg [-final_output] ==> ignore
    arg [cmTryCompileExec3557647266] ==> ignore
    arg [-lSystem] ==> lib [System]
    arg [/Library/Developer/CommandLineTools/usr/bin/../lib/clang/5.0/lib/darwin/libclang_rt.eprintf.a] ==> lib [/Library/Developer/CommandLineTools/usr/bin/../lib/clang/5.0/lib/darwin/libclang_rt.eprintf.a]
    arg [/Library/Developer/CommandLineTools/usr/bin/../lib/clang/5.0/lib/darwin/libclang_rt.osx.a] ==> lib [/Library/Developer/CommandLineTools/usr/bin/../lib/clang/5.0/lib/darwin/libclang_rt.osx.a]
  Library search paths: [;/usr/lib;/usr/local/lib]
  Framework search paths: [;/Library/Frameworks/;/System/Library/Frameworks/]
  remove lib [System]
  collapse lib [/Library/Developer/CommandLineTools/usr/bin/../lib/clang/5.0/lib/darwin/libclang_rt.eprintf.a] ==> [/Library/Developer/CommandLineTools/usr/lib/clang/5.0/lib/darwin/libclang_rt.eprintf.a]
  collapse lib [/Library/Developer/CommandLineTools/usr/bin/../lib/clang/5.0/lib/darwin/libclang_rt.osx.a] ==> [/Library/Developer/CommandLineTools/usr/lib/clang/5.0/lib/darwin/libclang_rt.osx.a]
  collapse library dir [/usr/lib] ==> [/usr/lib]
  collapse library dir [/usr/local/lib] ==> [/usr/local/lib]
  collapse framework dir [/Library/Frameworks/] ==> [/Library/Frameworks]
  collapse framework dir [/System/Library/Frameworks/] ==> [/System/Library/Frameworks]
  implicit libs: [/Library/Developer/CommandLineTools/usr/lib/clang/5.0/lib/darwin/libclang_rt.eprintf.a;/Library/Developer/CommandLineTools/usr/lib/clang/5.0/lib/darwin/libclang_rt.osx.a]
  implicit dirs: [/usr/lib;/usr/local/lib]
  implicit fwks: [/Library/Frameworks;/System/Library/Frameworks]


